Building DAG of jobs...
Using shell: /bin/bash
Provided cores: 4
Rules claiming more threads will be scaled down.
Job stats:
job              count    min threads    max threads
-------------  -------  -------------  -------------
EvaluatePoses        2              1              1
target               1              1              1
total                3              1              1

Select jobs to execute...

[Thu Jun  9 11:28:14 2022]
rule EvaluatePoses:
    input: output/Pdb2Mae/clostebol.maegz
    output: output/EvaluatePoses/clostebol.maegz
    log: output/log/EvaluatePoses/clostebol.log
    jobid: 7
    wildcards: ligand=clostebol
    resources: tmpdir=/var/folders/19/c2f3qzhd313_g4x22rw1xlcm0000gn/T


[Thu Jun  9 11:28:15 2022]
rule EvaluatePoses:
    input: output/Pdb2Mae/testosteorne.maegz
    output: output/EvaluatePoses/testosteorne.maegz
    log: output/log/EvaluatePoses/testosteorne.log
    jobid: 1
    wildcards: ligand=testosteorne
    resources: tmpdir=/var/folders/19/c2f3qzhd313_g4x22rw1xlcm0000gn/T

Waiting at most 5 seconds for missing files.
MissingOutputException in line 87 of /Volumes/Storage/Projects/SnakemakeTutorial/AKR1D1_InSilicoAssay/Snakefile:
Job Missing files after 5 seconds:
output/EvaluatePoses/testosteorne.maegz
This might be due to filesystem latency. If that is the case, consider to increase the wait time with --latency-wait.
Job id: 1 completed successfully, but some output files are missing. 1
Waiting at most 5 seconds for missing files.
MissingOutputException in line 87 of /Volumes/Storage/Projects/SnakemakeTutorial/AKR1D1_InSilicoAssay/Snakefile:
Job Missing files after 5 seconds:
output/EvaluatePoses/testosteorne.maegz
This might be due to filesystem latency. If that is the case, consider to increase the wait time with --latency-wait.
Job id: 1 completed successfully, but some output files are missing. 1
