Building DAG of jobs...
Using shell: /bin/bash
Provided cores: 4
Rules claiming more threads will be scaled down.
Job stats:
job              count    min threads    max threads
-------------  -------  -------------  -------------
EvaluatePoses        2              1              1
target               1              1              1
total                3              1              1

Select jobs to execute...

[Thu Jun  9 11:31:09 2022]
rule EvaluatePoses:
    input: output/Pdb2Mae/clostebol.maegz
    output: output/EvaluatePoses/clostebol.maegz
    log: output/log/EvaluatePoses/clostebol.log
    jobid: 7
    wildcards: ligand=clostebol
    resources: tmpdir=/var/folders/19/c2f3qzhd313_g4x22rw1xlcm0000gn/T


[Thu Jun  9 11:31:10 2022]
rule EvaluatePoses:
    input: output/Pdb2Mae/testosteorne.maegz
    output: output/EvaluatePoses/testosteorne.maegz
    log: output/log/EvaluatePoses/testosteorne.log
    jobid: 1
    wildcards: ligand=testosteorne
    resources: tmpdir=/var/folders/19/c2f3qzhd313_g4x22rw1xlcm0000gn/T

[Thu Jun  9 11:31:14 2022]
Finished job 7.
1 of 3 steps (33%) done
[Thu Jun  9 11:31:14 2022]
Finished job 1.
2 of 3 steps (67%) done
Select jobs to execute...

[Thu Jun  9 11:31:14 2022]
localrule target:
    input: output/EvaluatePoses/testosteorne.maegz, output/EvaluatePoses/clostebol.maegz
    jobid: 0
    resources: tmpdir=/var/folders/19/c2f3qzhd313_g4x22rw1xlcm0000gn/T

[Thu Jun  9 11:31:14 2022]
Finished job 0.
3 of 3 steps (100%) done
Complete log: /Volumes/Storage/Projects/SnakemakeTutorial/AKR1D1_InSilicoAssay/.snakemake/log/2022-06-09T113109.062662.snakemake.log
